<?xml version="1.0" encoding="UTF-8"?>
<!-- Generated by org.testng.reporters.JUnitReportReporter -->
<testsuite hostname="Atuls-MacBook-Air.local" failures="0" tests="3" name="com.bridgelabz.qa.test.CheckForDataProvider" time="8.693" errors="0" timestamp="2023-03-04T12:58:58 IST" skipped="0">
  <testcase classname="com.bridgelabz.qa.test.CheckForDataProvider" name="phoneNumber" time="5.772"/>
  <system-out/>
  <testcase classname="com.bridgelabz.qa.test.CheckForDataProvider" name="phoneNumber" time="1.581"/>
  <system-out/>
  <testcase classname="com.bridgelabz.qa.test.CheckForDataProvider" name="phoneNumber" time="1.340"/>
  <system-out/>
</testsuite> <!-- com.bridgelabz.qa.test.CheckForDataProvider -->
