<?xml version="1.0" encoding="UTF-8"?>
<!-- Generated by org.testng.reporters.JUnitReportReporter -->
<testsuite hostname="Atuls-MacBook-Air.local" failures="0" tests="3" name="com.bridgelabz.qa.test.TestNgAnnotatiosTest" time="0.010" errors="0" timestamp="2023-03-04T10:31:53 IST" skipped="0">
  <testcase classname="com.bridgelabz.qa.test.TestNgAnnotatiosTest" name="test" time="0.002"/>
  <system-out>
    <![CDATA[test]]>
  </system-out>
  <testcase classname="com.bridgelabz.qa.test.TestNgAnnotatiosTest" name="test" time="0.002"/>
  <system-out>
    <![CDATA[test]]>
  </system-out>
  <testcase classname="com.bridgelabz.qa.test.TestNgAnnotatiosTest" name="run" time="0.006"/>
  <system-out>
    <![CDATA[run]]>
  </system-out>
</testsuite> <!-- com.bridgelabz.qa.test.TestNgAnnotatiosTest -->
