<?xml version="1.0" encoding="UTF-8"?>
<!-- Generated by org.testng.reporters.JUnitReportReporter -->
<testsuite hostname="Atuls-MacBook-Air.local" failures="0" tests="1" name="com.bridgelabz.qa.test.RobotClass" time="16.014" errors="0" timestamp="2023-03-04T13:01:28 IST" skipped="0">
  <testcase classname="com.bridgelabz.qa.test.RobotClass" name="mouseAndKeyBordOperationTest" time="16.014"/>
  <system-out/>
</testsuite> <!-- com.bridgelabz.qa.test.RobotClass -->
