<?xml version="1.0" encoding="UTF-8"?>
<!-- Generated by org.testng.reporters.JUnitReportReporter -->
<testsuite hostname="Atuls-MacBook-Air.local" failures="0" tests="1" name="com.bridgelabz.qa.test.ActionClass_Mouse_And_Keyboard_Operations" time="18.462" errors="0" timestamp="2023-03-07T10:59:44 IST" skipped="0">
  <testcase classname="com.bridgelabz.qa.test.ActionClass_Mouse_And_Keyboard_Operations" name="change_whatsapp_profile" time="18.462"/>
  <system-out/>
</testsuite> <!-- com.bridgelabz.qa.test.ActionClass_Mouse_And_Keyboard_Operations -->
